<?xml version="1.0" encoding="UTF-8"?>
<!-- Generated by org.testng.reporters.JUnitXMLReporter -->
<testsuite ignored="0" hostname="DESKTOP-TFUBFDT" failures="0" tests="6" name="Default test" time="0.109" errors="0" timestamp="2024-01-31T16:52:56 CST">
  <testcase classname="TestNgPractice.DataProviderPractice" name="login" time="0.018"/>
  <testcase classname="TestNgPractice.DataProviderPractice" name="login" time="0.002"/>
  <testcase classname="TestNgPractice.DataProviderPractice" name="login" time="0.002"/>
  <testcase classname="TestNgPractice.DataProviderPractice" name="login1" time="0.003"/>
  <testcase classname="TestNgPractice.DataProviderPractice" name="login1" time="0.001"/>
  <testcase classname="TestNgPractice.DataProviderPractice" name="login1" time="0.001"/>
</testsuite> <!-- Default test -->
