<?xml version="1.0" encoding="UTF-8"?>
<!-- Generated by org.testng.reporters.JUnitXMLReporter -->
<testsuite ignored="0" hostname="DESKTOP-TFUBFDT" failures="0" tests="5" name="ResreqAppXML" time="3.555" errors="0" timestamp="2024-01-09T15:10:24 CST">
  <testcase classname="SampleWebServices.ResreqApp" name="Deleteusers" time="2.005"/>
  <testcase classname="SampleWebServices.ResreqApp" name="listusers" time="0.177"/>
  <testcase classname="SampleWebServices.ResreqApp" name="patchusers" time="0.671"/>
  <testcase classname="SampleWebServices.ResreqApp" name="postusers" time="0.33"/>
  <testcase classname="SampleWebServices.ResreqApp" name="putusers" time="0.33"/>
</testsuite> <!-- ResreqAppXML -->
