<?xml version="1.0" encoding="UTF-8"?>
<testng-results ignored="0" total="2" passed="2" failed="0" skipped="0">
  <reporter-output>
  </reporter-output>
  <suite started-at="2024-01-31T17:26:33 CST" name="Suite" finished-at="2024-01-31T17:26:33 CST" duration-ms="112">
    <groups>
      <group name="Group1">
        <method signature="DependsonGroups.TC1()[pri:0, instance:TestNgPractice.DependsonGroups@7ec7ffd3]" name="TC1" class="TestNgPractice.DependsonGroups"/>
      </group> <!-- Group1 -->
      <group name="Group2">
        <method signature="DependsonGroups.TC2()[pri:0, instance:TestNgPractice.DependsonGroups@7ec7ffd3]" name="TC2" class="TestNgPractice.DependsonGroups"/>
      </group> <!-- Group2 -->
    </groups>
    <test started-at="2024-01-31T17:26:33 CST" name="DependsonGroups" finished-at="2024-01-31T17:26:33 CST" duration-ms="112">
      <class name="TestNgPractice.DependsonGroups">
        <test-method signature="TC2()[pri:0, instance:TestNgPractice.DependsonGroups@7ec7ffd3]" started-at="2024-01-31T17:26:33 CST" name="TC2" finished-at="2024-01-31T17:26:33 CST" duration-ms="27" status="PASS">
          <reporter-output>
          </reporter-output>
        </test-method> <!-- TC2 -->
        <test-method signature="TC1()[pri:0, instance:TestNgPractice.DependsonGroups@7ec7ffd3]" started-at="2024-01-31T17:26:33 CST" name="TC1" depends-on-groups="Group2" finished-at="2024-01-31T17:26:33 CST" duration-ms="3" status="PASS">
          <reporter-output>
          </reporter-output>
        </test-method> <!-- TC1 -->
      </class> <!-- TestNgPractice.DependsonGroups -->
    </test> <!-- DependsonGroups -->
  </suite> <!-- Suite -->
</testng-results>
